{"/home/usuario/prct05-objects-classes-interfaces-javieryanes/src/Pokedex.ts": {"path":"/home/usuario/prct05-objects-classes-interfaces-javieryanes/src/Pokedex.ts","all":false,"statementMap":{"2":{"start":{"line":3,"column":0},"end":{"line":3,"column":22}},"4":{"start":{"line":5,"column":0},"end":{"line":5,"column":37}},"7":{"start":{"line":8,"column":0},"end":{"line":8,"column":53}},"8":{"start":{"line":9,"column":0},"end":{"line":9,"column":52}},"16":{"start":{"line":17,"column":0},"end":{"line":17,"column":38}},"17":{"start":{"line":18,"column":0},"end":{"line":18,"column":34}},"18":{"start":{"line":19,"column":0},"end":{"line":19,"column":5}},"26":{"start":{"line":27,"column":0},"end":{"line":27,"column":57}},"27":{"start":{"line":28,"column":0},"end":{"line":28,"column":33}},"28":{"start":{"line":29,"column":0},"end":{"line":29,"column":49}},"29":{"start":{"line":30,"column":0},"end":{"line":30,"column":117}},"30":{"start":{"line":31,"column":0},"end":{"line":31,"column":8}},"32":{"start":{"line":33,"column":0},"end":{"line":33,"column":20}},"33":{"start":{"line":34,"column":0},"end":{"line":34,"column":5}},"36":{"start":{"line":37,"column":0},"end":{"line":37,"column":1}}},"s":{"2":1,"4":1,"7":1,"8":1,"16":1,"17":6,"18":6,"26":1,"27":3,"28":3,"29":6,"30":6,"32":3,"33":3,"36":1},"branchMap":{"0":{"type":"branch","line":5,"loc":{"start":{"line":5,"column":12},"end":{"line":5,"column":37}},"locations":[{"start":{"line":5,"column":12},"end":{"line":5,"column":37}}]},"1":{"type":"branch","line":9,"loc":{"start":{"line":9,"column":4},"end":{"line":9,"column":52}},"locations":[{"start":{"line":9,"column":4},"end":{"line":9,"column":52}}]},"2":{"type":"branch","line":17,"loc":{"start":{"line":17,"column":4},"end":{"line":19,"column":5}},"locations":[{"start":{"line":17,"column":4},"end":{"line":19,"column":5}}]},"3":{"type":"branch","line":27,"loc":{"start":{"line":27,"column":4},"end":{"line":34,"column":5}},"locations":[{"start":{"line":27,"column":4},"end":{"line":34,"column":5}}]},"4":{"type":"branch","line":29,"loc":{"start":{"line":29,"column":48},"end":{"line":31,"column":8}},"locations":[{"start":{"line":29,"column":48},"end":{"line":31,"column":8}}]},"5":{"type":"branch","line":30,"loc":{"start":{"line":30,"column":45},"end":{"line":30,"column":88}},"locations":[{"start":{"line":30,"column":45},"end":{"line":30,"column":88}}]},"6":{"type":"branch","line":30,"loc":{"start":{"line":30,"column":88},"end":{"line":30,"column":117}},"locations":[{"start":{"line":30,"column":88},"end":{"line":30,"column":117}}]}},"b":{"0":[3],"1":[9],"2":[6],"3":[3],"4":[6],"5":[5],"6":[3]},"fnMap":{"0":{"name":"<instance_members_initializer>","decl":{"start":{"line":5,"column":12},"end":{"line":5,"column":37}},"loc":{"start":{"line":5,"column":12},"end":{"line":5,"column":37}},"line":5},"1":{"name":"getPokemons","decl":{"start":{"line":8,"column":4},"end":{"line":8,"column":53}},"loc":{"start":{"line":8,"column":4},"end":{"line":8,"column":53}},"line":8},"2":{"name":"length","decl":{"start":{"line":9,"column":4},"end":{"line":9,"column":52}},"loc":{"start":{"line":9,"column":4},"end":{"line":9,"column":52}},"line":9},"3":{"name":"addPokemon","decl":{"start":{"line":17,"column":4},"end":{"line":19,"column":5}},"loc":{"start":{"line":17,"column":4},"end":{"line":19,"column":5}},"line":17},"4":{"name":"searchByHeight","decl":{"start":{"line":27,"column":4},"end":{"line":34,"column":5}},"loc":{"start":{"line":27,"column":4},"end":{"line":34,"column":5}},"line":27}},"f":{"0":3,"1":0,"2":9,"3":6,"4":3}}
,"/home/usuario/prct05-objects-classes-interfaces-javieryanes/src/Pokemon.ts": {"path":"/home/usuario/prct05-objects-classes-interfaces-javieryanes/src/Pokemon.ts","all":false,"statementMap":{"2":{"start":{"line":3,"column":0},"end":{"line":3,"column":25}},"3":{"start":{"line":4,"column":0},"end":{"line":4,"column":18}},"4":{"start":{"line":5,"column":0},"end":{"line":5,"column":20}},"5":{"start":{"line":6,"column":0},"end":{"line":6,"column":20}},"6":{"start":{"line":7,"column":0},"end":{"line":7,"column":25}},"16":{"start":{"line":17,"column":0},"end":{"line":17,"column":22}},"18":{"start":{"line":19,"column":0},"end":{"line":19,"column":23}},"19":{"start":{"line":20,"column":0},"end":{"line":20,"column":25}},"20":{"start":{"line":21,"column":0},"end":{"line":21,"column":25}},"21":{"start":{"line":22,"column":0},"end":{"line":22,"column":28}},"22":{"start":{"line":23,"column":0},"end":{"line":23,"column":23}},"24":{"start":{"line":25,"column":0},"end":{"line":25,"column":94}},"25":{"start":{"line":26,"column":0},"end":{"line":26,"column":21}},"26":{"start":{"line":27,"column":0},"end":{"line":27,"column":25}},"27":{"start":{"line":28,"column":0},"end":{"line":28,"column":25}},"28":{"start":{"line":29,"column":0},"end":{"line":29,"column":21}},"29":{"start":{"line":30,"column":0},"end":{"line":30,"column":23}},"30":{"start":{"line":31,"column":0},"end":{"line":31,"column":3}},"34":{"start":{"line":35,"column":0},"end":{"line":35,"column":42}},"35":{"start":{"line":36,"column":0},"end":{"line":36,"column":46}},"36":{"start":{"line":37,"column":0},"end":{"line":37,"column":46}},"37":{"start":{"line":38,"column":0},"end":{"line":38,"column":47}},"38":{"start":{"line":39,"column":0},"end":{"line":39,"column":43}},"45":{"start":{"line":46,"column":0},"end":{"line":46,"column":24}},"46":{"start":{"line":47,"column":0},"end":{"line":47,"column":125}},"47":{"start":{"line":48,"column":0},"end":{"line":48,"column":147}},"48":{"start":{"line":49,"column":0},"end":{"line":49,"column":5}},"49":{"start":{"line":50,"column":0},"end":{"line":50,"column":1}}},"s":{"2":1,"3":1,"4":1,"5":1,"6":1,"16":1,"18":1,"19":7,"20":7,"21":7,"22":7,"24":1,"25":7,"26":7,"27":7,"28":7,"29":7,"30":7,"34":1,"35":1,"36":1,"37":1,"38":1,"45":1,"46":1,"47":1,"48":1,"49":1},"branchMap":{"0":{"type":"branch","line":3,"loc":{"start":{"line":3,"column":7},"end":{"line":3,"column":25}},"locations":[{"start":{"line":3,"column":7},"end":{"line":3,"column":25}}]},"1":{"type":"branch","line":19,"loc":{"start":{"line":19,"column":10},"end":{"line":23,"column":23}},"locations":[{"start":{"line":19,"column":10},"end":{"line":23,"column":23}}]},"2":{"type":"branch","line":25,"loc":{"start":{"line":25,"column":2},"end":{"line":31,"column":3}},"locations":[{"start":{"line":25,"column":2},"end":{"line":31,"column":3}}]},"3":{"type":"branch","line":35,"loc":{"start":{"line":35,"column":4},"end":{"line":35,"column":42}},"locations":[{"start":{"line":35,"column":4},"end":{"line":35,"column":42}}]},"4":{"type":"branch","line":36,"loc":{"start":{"line":36,"column":4},"end":{"line":36,"column":46}},"locations":[{"start":{"line":36,"column":4},"end":{"line":36,"column":46}}]},"5":{"type":"branch","line":37,"loc":{"start":{"line":37,"column":4},"end":{"line":37,"column":46}},"locations":[{"start":{"line":37,"column":4},"end":{"line":37,"column":46}}]},"6":{"type":"branch","line":38,"loc":{"start":{"line":38,"column":4},"end":{"line":38,"column":47}},"locations":[{"start":{"line":38,"column":4},"end":{"line":38,"column":47}}]},"7":{"type":"branch","line":39,"loc":{"start":{"line":39,"column":4},"end":{"line":39,"column":43}},"locations":[{"start":{"line":39,"column":4},"end":{"line":39,"column":43}}]},"8":{"type":"branch","line":46,"loc":{"start":{"line":46,"column":4},"end":{"line":49,"column":5}},"locations":[{"start":{"line":46,"column":4},"end":{"line":49,"column":5}}]}},"b":{"0":[2],"1":[7],"2":[7],"3":[7],"4":[2],"5":[13],"6":[2],"7":[5],"8":[1]},"fnMap":{"0":{"name":"<instance_members_initializer>","decl":{"start":{"line":19,"column":10},"end":{"line":23,"column":23}},"loc":{"start":{"line":19,"column":10},"end":{"line":23,"column":23}},"line":19},"1":{"name":"Pokemon","decl":{"start":{"line":25,"column":2},"end":{"line":31,"column":3}},"loc":{"start":{"line":25,"column":2},"end":{"line":31,"column":3}},"line":25},"2":{"name":"getName","decl":{"start":{"line":35,"column":4},"end":{"line":35,"column":42}},"loc":{"start":{"line":35,"column":4},"end":{"line":35,"column":42}},"line":35},"3":{"name":"getWeight","decl":{"start":{"line":36,"column":4},"end":{"line":36,"column":46}},"loc":{"start":{"line":36,"column":4},"end":{"line":36,"column":46}},"line":36},"4":{"name":"getHeight","decl":{"start":{"line":37,"column":4},"end":{"line":37,"column":46}},"loc":{"start":{"line":37,"column":4},"end":{"line":37,"column":46}},"line":37},"5":{"name":"getType","decl":{"start":{"line":38,"column":4},"end":{"line":38,"column":47}},"loc":{"start":{"line":38,"column":4},"end":{"line":38,"column":47}},"line":38},"6":{"name":"getStats","decl":{"start":{"line":39,"column":4},"end":{"line":39,"column":43}},"loc":{"start":{"line":39,"column":4},"end":{"line":39,"column":43}},"line":39},"7":{"name":"toString","decl":{"start":{"line":46,"column":4},"end":{"line":49,"column":5}},"loc":{"start":{"line":46,"column":4},"end":{"line":49,"column":5}},"line":46}},"f":{"0":7,"1":7,"2":7,"3":2,"4":13,"5":2,"6":5,"7":1}}
,"/home/usuario/prct05-objects-classes-interfaces-javieryanes/src/index.ts": {"path":"/home/usuario/prct05-objects-classes-interfaces-javieryanes/src/index.ts","all":true,"statementMap":{"7":{"start":{"line":8,"column":0},"end":{"line":8,"column":55}},"8":{"start":{"line":9,"column":0},"end":{"line":9,"column":35}},"13":{"start":{"line":14,"column":0},"end":{"line":14,"column":30}},"18":{"start":{"line":19,"column":0},"end":{"line":19,"column":125}},"19":{"start":{"line":20,"column":0},"end":{"line":20,"column":124}},"20":{"start":{"line":21,"column":0},"end":{"line":21,"column":118}},"25":{"start":{"line":26,"column":0},"end":{"line":26,"column":30}},"26":{"start":{"line":27,"column":0},"end":{"line":27,"column":33}},"27":{"start":{"line":28,"column":0},"end":{"line":28,"column":30}},"28":{"start":{"line":29,"column":0},"end":{"line":29,"column":27}},"30":{"start":{"line":31,"column":0},"end":{"line":31,"column":59}},"31":{"start":{"line":32,"column":0},"end":{"line":32,"column":59}},"37":{"start":{"line":38,"column":0},"end":{"line":38,"column":38}},"38":{"start":{"line":39,"column":0},"end":{"line":39,"column":80}},"41":{"start":{"line":42,"column":0},"end":{"line":42,"column":38}},"42":{"start":{"line":43,"column":0},"end":{"line":43,"column":80}},"44":{"start":{"line":45,"column":0},"end":{"line":45,"column":1}}},"s":{"7":0,"8":0,"13":0,"18":0,"19":0,"20":0,"25":0,"26":0,"27":0,"28":0,"30":0,"31":0,"37":0,"38":0,"41":0,"42":0,"44":0},"branchMap":{"0":{"type":"branch","line":1,"loc":{"start":{"line":1,"column":1516},"end":{"line":45,"column":1}},"locations":[{"start":{"line":1,"column":1516},"end":{"line":45,"column":1}}]}},"b":{"0":[1]},"fnMap":{"0":{"name":"(empty-report)","decl":{"start":{"line":1,"column":1516},"end":{"line":45,"column":1}},"loc":{"start":{"line":1,"column":1516},"end":{"line":45,"column":1}},"line":1}},"f":{"0":1}}
}
